31890316283012
72802786457223
20621169395850
334478233
19259
3263222061958
83053
2118
75209
16434
64909
132791083641
534
31080
3933
132790928623
6314
3482
19387
8653
999
28990
45461
53016
11341
5865
6409
106547
9897
25009
2793
13025
17932
6214
4067
50602
6145
12693
26058
28117793
1891
30883
1322609002802
21842
36119
43029
48178
2060
24121
33106
13554
12238
13348
12315
6798
1183
8771
3144
294
384
31455
11564
36433
886103578323
38841
28244
29254
40112
39329
6523
931
14469
1392596
61868
1374
13551
48151
25540
54613
27526
10070
42501
6753
105
18755
15442
21194
13447
303361453904
7613
23044
20076
5365
42097
22457
6164
4172
59063
16543
4968
27743
29753
44007
34320
34442
11350
264
43584
68864
25131
78096
4663
29786
1467
5957
9998
15533
62897
4286
6878
11289
22003
13074
40505
32959
20417
21072
34980
2395
20210
1617
2644
6488
61832
151174251495
35917
2544
31509
3096
38
436
23425
5159
16266
972798718598
10690
1129
828
66186
55895
25459
24764
23603
5454
48410
612
34461
14717
18898
11229
1618
12250361174
14590
16711
16325
71424
2229
39114
19775
8650
9176
19693
27847
13415
42024
44227
21159
733
32043
18575
18124
1121
13922
24235
46526
50425
70121
43
39293
20470
28876
17260
52619
24779
54495
48437
10923
38282
71197
24204
1328
260
15167
20536
1528
16141
14892
20131
54141
16908
5551
37285
10025
3193
4514
31598
26774
26109
10386
170
73945
31266
19669
74288
13327
8145
37494
8041
3321
2481
51222
1826
20738
53057
6011
14353
42333
17598
15436
44292
1118
13916
17243
23323
11676
20507
57238
14650
17394
15852
20326
1925
712
23466
29172
2576
1113
31620
50790
65028
8798
8476
33402
2921
15585
9619
31669
34780
14572
15934
16802
21456
10145
8217
15849
12237
4477
10898
4187
1966
18322
27429
5581
664
11224
13431
21288
951
29789
1084
22088
1886
16401
6472
5739
24707
294
317
70
50904
24954
1854
5138
28432
69853
33336
2424
16006
18761
10853
26621
60180
11298
1593
23352
76628
3148
42480
34798
40772
3833
32681
13914
42679
7087
1499
8904
35654
2072
4410
69122
5218
31801
49472
38355
16571
10891
8790
61648
9617
9778
4412
42769
33471
147
15286
3194
27426
13557
2433
5455
24679
753
9977
25620
7240
1756
1919
10405
3473
1875
8588
27593
391
63234
16606
33071
38722
32803
58910
30351
10964
13230
1120
55757
10575
55273
28139
7187
2419
32676
16712
1603
51523
42279
11767
9252
2447
15980
54698
46527
13280
5823
56196
739
3761
23992
40
5156
5844
363
14610
26402
34365
47120
12373
4322
28007
10567
6223
32514
52540
20353
7890
17893
9978
21919
2745
21741
19396
12975
18911
14139
21919
9518
3568
64554
27788
5485
18288
27677
42141
7591
10018
33329
1759
1112
61225
60578
44809
27314
73816
4615
15577
7312
23063
33944
15091
4557
28963
18114
62349
724
17278
74179
145
62729
5131
3345
3698
66318
5993
25669
5723
3811
8105
5759
7410
37307
1076
29069
894
31025
23557
34814
50222
4734
14637
12522
213
32712
45611
12186
241
516
22536
29125
44494
65497
30637
18675
9768
25942
23480
4080
10858
50625
62593
23885
56396
635
16533
14749
27141
8325
10525
58113
23467
18975
11749
21080
5503
26035
21848
52669
14979
34844
66776
19353
47838
28291
10614
28851
17128
3546
8647
42574
7503
15209
26709
59864
2395
4846
33054
67128
6324
23012
268
1215
627
24464
4962
14708
12513
18045
5268
9166
16099
12327
11707
19438
2298
772
8712
9643
24639
20447
8855
3174
49531
3978
26551
39302
39092
32330
24433
14051
18511
278
14481
42043
44035
11014
17782
1292
1145
34012
31393
10014
32052
694
7313
16401
50011
9400
9824
27616
10889
5034
25686
17074
14113
10211
4681
8436
12110
1648
6948
19073
7866
1030
3383
10533
717
30138
340
32136
19385
34582
6255
22903
53156
12005
57752
46100
7266
30649
2484
44678
1508
17204
15177
1723
5423
15456
10528
45305
4349
31527
37332
41301
21594
69221
995
25723
53882
19702
11655
44056
20337
18425
12445
33872
4029
40267
13598
16851
13878
10022
4452
9434
21371
69
981
2098
17322
32006
6408
1500
33962
29804
5863
6103
22492
344
69713
644
18208
21086
14971
12917
619
1773
29018
1852
39855
10397
8940
54237
12645
3355
62551
5418
804
12134
8405
1039
9549
66547
5481
18433
56926
14404
39450
3998
59312
47064
9919
12997
2839
15402
6128
18707
1617
10368
16591
19387
4391
40435
60619
31805
48372
28338
60969
15116
29458
51321
1257
23590
27210
45910
2756
32119
4482
58520
27515
12043
19341
38572
47883
1569
19723
55022
36400
33211
1026
9515
17605
203
30419
24254
10662
47048
3726
5726
18625
11534
72331
15501
3159
124
81341
1102
39351
51720
50252
1623
12686
950
49401
3814
19701
11652
168
3734
61015
51709
16032
17064
15281
36197
56420
67578
31
37318
35992
34494
43682
22000
13124
22718
8772
27732
8838
22609
33180
962
47882
235
12778
31725
183
21841
19494
4560
19599
1433
14320
22460
58237
17530
3761
16767
4527
64989
26101
36125
3639
8807
174
9748
4086
16524
43260
61417
57736
22975
29590
4013
15020
14881
52002
4369
1679
30756
30199
23668
41683
5114
1525
16069
13938
32929
4938
12497
3178
11901
19038
3929
75156
1728
2443
4249
6812
14829
19680
11911
3515
6921
11428
4046
3473
13968
25545
31694
8050
29971
10165
14595
4728
4657
31723
1269
1287
29757
1420
1492
510
15463
9161
3541
20920
23776
10241
21007
74659
11670
5414
15255
15490
10079
18497
5268
16543
30999
35682
8402
223
11996
4080
7442
38961
73549
7528
36983
50
19095
1489
10376
32064
11312
30860
8660
9507
1368
163
11278
1590
23216
11435
17572
40136
28695
64607
12810
1103
27225
27304
6718
23566
237
40967
626
25721
3359
25076
11653
52362
20994
2912
65880
7438
17930
11514
19301
15411
11658
1987
35603
588
2878
11891
5958
39492
71107
3309
622
9800
22479
30445
11646
25470
97
6166
676
20595
65930
2007
19298
42274
19533
38151
10242
18129
12393
7596
73500
23267
6691
40691
5205
1544
15397
30519
7525
5528
79763
45099
7287
33015
5744
46316
345
506
13465
32789
34291
9257
32150
47553
12694
5145
25734
2028
40379
22743
24994
17957
33478
12318
3986
4544
4022
73462
51350
61796
25828
5445
9073
3
8991
4162
18212
19205
68535
57284
13592
32419
65818
6943
786
8120
28731
15654
704
59818
12761
1734
22446
31501
2372
27006
1357
3695
24039
29491
14116
6007
1502
1432
20018
6710
1476
24299
43677
8791
45593
8597
9485
59219
44002
59501
14708
32699
2495
197
12805
3973
6282
23814
25074
33481
1359
7284
4058
39051
12624
9478
35169
17322
22308
9912
55466
17533
930
36636
15895
439
7367
14653
32832
4455
16643
3032
51
514
10364
18066
24165
18444
6254
2883
21033
134
20804
48795
52945
1811
3308
32245
17957
59170
11354
27919
381
46253
58859
384
3818
19782
17585
32891
29101
5119
4488
33460
16586
2452
25939
27234
3001
3851
20306
5490
5750
22871
17495
17863
3670
10432
73554
7928
6274
31058
58439
2371
9956
5270
4384
3837
10027
759
22935
10844
46346
45744
29697
1947
1745
9212
1937
18684
32721
32339
44211
512
38210
46866
21053
19509
42207
35
46486
8566
1106
3668
12278
13494
4959
1519
66048
56048
24784
56426
35299
12569
6504
14193
33150
27624
9827
2082
32103
7179
8816
2421
40318
9941
1112
8554
1363
7987
759
16029
21123
2034
5027
65731
32259
15422
3094
342
31915
19996
2233
16049
39335
18339
3317
10405
899
51651
48018
40389
17208
21277
46750
31868
12235
66732
14086
1917
12602
1809
9755
50181
32470
22109
46323
72989
10824
16670
2711
70936
4140
18677
692
17613
22106
13725
26085
12053
34649
7228
1713
43014
4729
10745
501
9352
7685
2465
44413
6670
22330
1025
23972
41067
8531
10816
12835
42672
12377
56366
5439
13900
6646
35687
8882
50645
40555
14238
18401
16074
8105
11887
30496
55608
4627
17360
43179
92
81
15513
45841
5144
12079
4688
8390
89
13758
24173
21866
11810
46246
48149
3178
2704
5469
24865
32945
42870
40104
4053
59934
15042
12704
46041
9811
7132
31792
3209
34838
5892
25520
23003
7037
8887
2279
32445
2490
10998
19670
11454
7307
14144
2220
32986
49059
74
79706
9002
2882
51995
21831
36754
22713
25415
5587
9502
3173
13080
4378
8071
3185
37038
6685
57975
1485
1
21981
27435
20799
8402
9751
35604
35314
28472
5117
446
11622
40027
12036
6833
7849
59723
601
78459
4121
11903
25062
41577
3666
4104
529
7776
14288
2230
490
47990
14390
23395
17346
38536
1559
43869
148
14126
60693
45156
2399
18487
242
56984
5642
17940
25901
809
3383
4396
40826
45334
10773
40483
51005
20388
10326
2293
46471
9440
41698
27881
40622
76936
41767
14488
43736
18067
1975
25499
85
366
259
14451
8964
6724
23020
29048
10660
16733
12263
37231
9309
7590
27981
8537
31330
19997
7093
2674
40230
6796
35739
2999
46831
43808
9190
39519
67176
24173
42355
37721
7657
812
61
895
9867
11394
12746
45087
4709
24308
8698
15786
26646
32690
17323
17
66878
72330
17415
27498
17221
33267
24947
3193
46081
62920
3027
13811
10608
922
22836
18966
55592
1523
13289
43528
195
11563
75631
66772
18078
47121
4337
46076
65133
36077
2213
29123
104
25534
36945
526
329
6444
625
42166
9361
1161
34889
33900
2825
487
39072
19043
2415
13410
13457
1456
44232
47030
233
17214
33078
23606
25799
18450
20993
5558
36037
20098
29860
41934
7981
31746
61960
4521
4600
3226
48012
23742
8914
15299
38253
11014
26191
32603
23284
33669
3836
24412
47920
21198
22474
211
17214
15434
25213
16374
11537
17772
23287
22510
16842
15915
21015
8066
30012
406
5280
41806
51728
26331
41352
3771
15261
13132
33139
44895
16223
31015
31293
21847
68663
16191
4372
8965
5420
45737
54158
36049
68095
61991
3972
7776
23970
5545
8223
19542
88
44822
17913
24197
34599
4413
53518
5089
2055
5899
68737
8827
8637
2903
14704
45619
37412
810
34631
10829
843
1684
20326
3928
1124
8261
32556
50089
62087
17184
9238
58012
15904
47501
14472
3331
12197
2658
43858
17546
61974
8994
22634
47201
9747
4863
30011
8672
11498
1108
37513
744
47335
16047
24687
65216
2124
4664
2494
24221
37575
61787
26291
22709
7602
7012
4428
41223
13026
12248
27493
42932
43396
1105
11733
66454
32986
4135
17372
13400
13950
894
52073
54373
14138
6286
43090
5338
13916
467
40855
30809
3436
10312
13337
7745
4763
29083
32843
22391
17574
47257
11201
31417
48357
77632
39
18543
9302
9118
3293
6867
21150
19271
46198
9649
210
32251
41682
12655
6329
42660
23706
4390
32289
1786
35712
4558
10586
14579
18012
25635
8244
18759
16858
31407
4759
44739
1085
48
2258
64086
10977
49525
11827
52240
10563
14708
9079
3419
27391
3808
19651
57331
10934
32278
7564
15443
2070
39765
45280
53280
11575
16748
18040
7391
18238
5540
1442352
19258
29596
3425
9195
26976
12107
5150
31836
20805
47535
5353
48228
18337
1944
36055
52735
3550
9279
39387
27304
20930
12215
55823
33833
1403
32882
19138
14374
60529
21830
26662
40783
11318
15041
32463
33155
2397
96
29117
53745
17124
43139
2426
9456
52395
322
18773
26410
19391
30399
16808
13848
19395
40122
20210
18576
5192
53782
37622
6102
15922
20330
3038
937
1326
70519
16323
1850
23948
4470
147
42814
3591
26590
9
22797
73601
7443
16102
25760
29658
29046
29614
15078
29654
31872
28993
35668
21518
1858
15685
19505
19447
30150
43560
3186
39030
4106
42372
665
1593
17318
18466
18216
25700
52460
22102
37778
3884
48741
48059
1506
24391
1963
26361
3366
51384
5255
22790
3621
15397
13946
21867
59565
16643
30077
3154
9
2894
8272
32704
2099
56247
12672
25614
1585
2283
6728
29975
16785
219
3629
19214
54053
30166
71030
14642
1281
2081
22123
4248
13951
39137
8185
20735
28897
2804
34582
19461
12643
4015
20410
63322
6516
59029
35183
15364
52439
17172
15816
20002
58113
25698
4903
1626
631
27774
446
58457
10054
3224
18077
3795
42748
12068
18189
25212
32806
10806
27773
38912
35864
3517
41257
70045
9211
2589
8536
413
8089
48954
8550
8252
51213
42833
26813
563
389
11315
35131
8092
4546
20028
9394
13966
8703
29450
3008
47181
23621
34930
24234
35134
16869
29772
5363
10415
1039
13287
20969
25
39
7965
1873
6527
8903
29655
14401
8100
10966
13787
5522
10641
4377
24171
44590
36240
1531
8816
11421
4959
13533
2840
54535
53427
1770
55531
20215
6563
6142
10748
27139
14658
23644
8975
730
47176
1985
79728
5919
15456
2729
20807
23036
10625
12679
14000
2178
16909
3127
55471
10032
5251
10609
5102
20862
4278
22727
31833
37908
423
27447
13414
31295
5669
2319
61073
36417
28849
16574
46948
113
3011
26693
7960
55111
20260
10776
28202
32166
8978
2020
59099
63582
13621
47622
702
16037
13703
16516
4752
506
20378
53255
3272
6433
7394
43614
6071
13969
4470
772
4027
76694
6313
12139
4331
16857
37254
55479
3321
20546
4520
8826
16117
3944
4801
29395
7662
8057
2620
2206
5811
64024
8593
14915
63701
29356
25459
46362
22504
5573
5727
28124
10778
4668
36180
8119
8084
24546
42021
17630
46386
29642
2496
10884
18697
7530
27236
11802
2482
8396
117
19362
34510
1337
13274
6093
35839
37986
1181
23747
28475
9913
30869
22975
16672
3512
37952
28123
60980
41430
42343
30268
55
17590
32297
7913
7489
2821
36062
110
1382
54744
3511
3049
1535
16830
530
14841
62726
3901
2629
15707
33317
3337
25855
4023
1749
2369
44107
21083
1670
46752
6951
31122
34908
55159
5558
28773
21054
1279
2077
1438
58079
28330
2118
5177
23334
4865
18887
1698
1362
64597
5527
6991
1730
1925
1254
40602
156
5172
5622
3533
66353
63996
472
67224
29859
26098
46264
17110
25236
31402
695
24847
10590
28907
38452
8009
9736
74723
11333
33521
6507
73869
64394
9205
1387
11581
74614
15283
950
914
2819
4742
1624
14347
25079
12742
36413
10651
32360
146
5128
52082
38808
15403
31290
64040
224997
11340
36603
11083
47667
40263
9086
14317
11254
38065
14512
34489
6748
11560
13328
20361
12574
28734
61008
21717
47425
12159
3813
46533
58167
53391
4342
3716
24222
10552
1231
14704
12027
32273
35409
53318
63028
1371
62741
833
13340
1177
9631
6104
48474
178
23359
8240
11031
20193
5641
2121
24255
11199
5711
9483
50872
2231
606
23314
7395
52102
4027
53903
32735
55086
36959
7526
18247
12003
19919
17920
6534
48712
14421
30017
62035
6705
26387
8304
45443
38949
3762
34038
21421
6110
50988
4707
20870
40934
35676
4752
60141
14238
3009
24742
61
39322
25420
1556
4060
9541
30264
4645
5916
57688
1555
19278
3591
5105
11008
32738
19834
24048
25704
1358
5200
4573
32419
76315
37530
4884
2101
5739
882
26551
48361
9117
16999
5879
11871
41670
25521
6445
14075
2930
194
37260
21629
42959
6968
1690
832
38304
7909
8858
1907
16638
10709
17144
916
42869
30705
3115
6488
12163
18899
66071
13392
35963
37091
14594
4007
58429
20200
3742
36028
6958
22351
2803
20001
70420
17597
37261
2533
36214
29082
28355
13070
13288
41113
31721
5825
8631
60599
332
56323
4595
10704
507
26964
10580
22404
11406
5658
28373
2203
12393
57018
403
58896
19409
452
34008
20893
50353
6072
1227
70735
28115
23422
17355
5935
2971
14411
16931
41178
10348
639
21367
56389
49012
7942
8251
45374
24309
11324
6989
2261
39708
5569
17136
792
21594
59435
4306
46350
13893
61650
15952
26029
34878
24719
29314
5957
29437
30082
89
41659
52823
34024
64201
4782
8683
8123
18170
27689
15881
44477
17902
23091
7833
8943
25788
6183
40871
9215
16070
36212
1332
48160
8571
20000
28481
925
45529
11617
4009
243
5362
5040
66372
18919
42595
54990
854
21205
6208
34993
4040
10640
31271
3563
33429
53698
29087
51569
20682
5186
63757
20801
25682
1151
16212
55366
479
22898
20908
5828
11973
30161
32013
74736
13415
14677
42032
29959
61568
27445
202
4737
14710
7786
7697
14185
1894
10483
23538
46689
54056
3987
14566
1223
8477
5968
9737
53211
43303
1004
56532
4106
26514
62979
16440
19712
13973
1110
6124
13484
1724
5871
29575
1612
1169
31008
9270
6458
2931
30106
10101
5129
52412
47277
17087
2185
4283
16900
52643
13298
31508
13109
44231
1362
12048
31369
11929
21837
595
38476
36064
31031
8384
25526
60572
13267
10016
10874
14105
19500
9768
18532
43835
4753
60222
8764
4766
725
1634
56606
4549
25345
35400
4274
35735
1596
25759
2466
1478
63148
49559
17767
31562
24751
8179
1698
45935
7862
26780
6737
27558
14727
24677
4708
7224
1721
5166
24494
15614
29248
4646
10836
711
4447
2314
440
25092
36620
11880
6580
27408
66299
30244
5917
16555
9919
55416
55528
6841
30092
10153
18127
11022
28570
1535
28336
35292
83
17098
18327
17610
24797
6136
1273
403
42062
46731
8438
26345
33710
7944
34954
16781
2767
34990
29001
2885
552
16190
24506
60415
1265
27453
3121
8302
17004
7274
33330
40427
40600
18663
3837
16046
519
15649
2316
83
42450
34516
10675
31223
462
22720
23247
30001
23453
8958
57331
10795
6804
33456
41646
14426
889
1237
38
10547
59791
29446
1223
64070
30351
58955
3835
1288
7645
10780
29425
38987
45468
5462
303
15094
3514
984
2688
55733
70575
48593
30760
8001
9116
4927
1693
709
5184
8823
25799
14710
34773
18620
31859
5827
2203
10912
38803
3897
43650
21335
45458
63708
9456
7985
20207
1131
26042
8371
9916
9430
15911
1779
5098
2133
35750
944
368
2009
3870
38972
5444
16266
1224
24195
18613
12015
924
4240
20900
675
28557
55175
4717
35200
76300
13063
60694
39700
5539
1529
21613
16861
45917
6443
12099
62345
23294
37070
3302
31991
23662
202
59564
16683
671
7386
22663
39130
15545
294
8568
624
9342
10607
3756
1074
9406
49551
53319
28833
5089
33448
49148
1081
30762
50954
13092
47228
243
11083
74795
52389
13990
10185
3538
11574
27625
4128
8681
5748
67365
8632
28312
48906
4647
11656
8388
33493
13017
7342
35124
17557
25086
4199
70304
192
61841
2779
11566
5555
29940
1017
9928
23349
384
32793
18433
9044
6339
9720
7387
10858
15586
25857
50091
196
69504
11498
33939
4050
8587
14401
7495
2608
14958
2075
4126
960
2711
12212
9457
35367
33182
24380
137
13137
10841
3762
64120
47180
457
43867
27788
28135
45468
2137
1529
1275
25396
9750
18456
32541
12328
9109
44576
50046
3152
20143
11858
11738
65849
58410
1643
52177
55175
16227
40597
17725
4117
49769
2334
29620
37351
18158
30700
29879
22906
16065
1570
10193
49706
23434
63096
8078
18348
4033
5768
2823
51361
44019
9834
4392
49666
7009
8330
7905
34171
10397
30788
11693
15165
8904
2225
16232
15592
33048
38174
20793
27375
37255
9178
47030
16050
278
492
58317
10750
4955
34088
43793
41921
43741
5850
1870
4966
722
36266
30108
13028
52361
16812
1176
35844
78225
29931
9342
1082
78499
7204
65464
23184
18784
6477
37994
6207
9340
2359
3723
38359
28449
37534
9908
17172
35216
1491
5212
11319
2448
47075
6121
45225
21299
15417
22437
14907
33438
49973
40053
22121
5575
48089
19849
33964
99
4124
6288
38111
8898
23928
3266
8702
9226
30548
18691
6289
38553
2719
18282
340
35176
833
44967
44785
6459
56123
2015
21842
5188
26745
18881
8526
17087
28024
1488
604
17329
20370
23235
8796
52565
10924
7519
42
268
49903
411
33584
6528
4761
1455
6500
22813
10588
834
16725
33581
27984
13483
6497
54273
661
16657
34112
5429
14174
5921
35604
3532
9100
27358
40455
9312
24839
10498
27112
138
4759
65334
13350
19766
33618
2323
27571
43107
12655
28847
15162
9045
11348
12238
11859
46121
54363
536
452
32913
6986
438
389
11237
4850
17710
23488
25428
6444
30904
21098
190
25265
51910
2914
3981
51869
11779
27857
18804
42480
25561
4154
1380
4596
7185
8258
37902
29399
74279
3825
56332
31294
53448
25992
17070
59904
13592
15923
58419
3179
73224
6796
17323
8
28124
12507
3167
33119
27280
8156
27642
30207
12393
50150
4786
23143
17515
29413
4295
8547
38790
16788
863
9707
5112
1329
3225
14986
55824
11121
21184
1879
34959
41084
17311
819
7282
12288
6882
10040
48125
4205
7277
3327
24704
67334
31168
23922
16703
2334
12526
6915
33701
14615
6093
60701
18440
27749
7671
3451
25171
56489
40671
1599
324
11587
26144
601
4285
25138
9100
5653
17043
5507
684
2496
65558
14218
19311
31014
8675
4193
4783
23064
66573
49069
14638
21145
7663
68466
1565
8280
467
1466
1789
4402
8446
53674
43386
10333
26762
15553
10850
63008
10640
71022
7028
37164
7578
39525
31353
8304
20771
496
2830
954
8554
35242
21164
5852
20504
3837
34980
45582
19043
44244
47555
22055
19008
22301
13490
10223
11367
19967
267
17153
51745
22766
1849
21318
3945
22407
40391
37675
70524
9338
180
16578
6682
42272
22433
1935
26584
44278
1202
5960
51210
18540
12254
7415
10593
3228
23472
10803
10268
37767
43267
3205
37313
33360
29364
6182
50279
1377
26807
4864
36845
47481
23999
5908
11531
323
11707
25286
52949
1898
669
1501
408
21508
37747
42562
36224
70674
1217
16516
5370
4068
18921
6898
31204
603
5812
6625
3264
2423
19490
65184
5639
1122
1851
12703
15361
43542
16710
5823
16987
9302
33700
65642
45719
1726
31072
9237
27358
32873
20567
30075
2715
22921
68003
46260
38
10962
29614
45543
9991
69394
3814
987
47780
7690
10559
5720
27124
21573
1090
38755
1280
157
329
8359
77648
2416
40613
12301
8287
9036
32913
39571
17621
1160
35216
18791
10799
20694
13918
221
71851
12205
1402
8383
58833
8948
41083
39734
13419
913
9864
53478
3403
14005
67258
27644
16028
6308
7286
817
3001
1553
5983
7294
21357
22489
690
6702
7497
45315
3686
28339
41444
37101
22662
16835
1550
20591
49809
147
2040
22
43591
1249
9502
160
4542
20151
4511
50848
59609
16703
61617
30283
43950
13677
19354
55267
4361
56509
5294
34817
7111
34323
5736
13242
7218
46951
22711
44087
70096
19977
58382
50005
10919
5141
16042
33244
3050
11481
63578
2148
31823
1686
35053
3588
3922
36625
39021
5387
1917
10513
11262
1469
45721
13255
13871
7017
19277
13941
11968
54808
286
8239
792
26242
47549
16929
12303
4165
13856
40804
7429
287
45029
11967
74488
5587
217
7271
16722
20682
17851
28483
50637
15612
2495
1665
54999
9285
2309
9412
27630
12236
10442
30344
5460
30637
2874
9838
14525
11689
65248
48644
12975
10817
9959
7457
7775
47105
37900
25311
58
19943
11725
9893
9421
1464
5203
38464
14962
45253
393
16391
11026
623
45482
33517
40068
33954
25011
1035
6051
11923
16470
38229
47167
2838
42840
36370
3949
5381
102
33501
5881
17013
44988
2822
3791
23699
52960
51226
21624
22324
14062
2382
10445
30003
11750
31648
8769
716
6371
4083
17630
32357
6836
4836
3342
14351
19217
23282
6406
25378
962
53525
28097
34762
35405
5821
1833
7373
14259
9229
9231
52847
21888
11836
40788
5445
39824
34744
60205
21957
9113
5149
19116
20787
5418
3863
7863
21844
9532
32153
7235
41981
4155
971
28730
33301
42238
12921
17820
40658
46059
2969
214
29351
61092
30783
8844
430
9686
2403
30290
9976
53144
2900
8119
25774
37875
12797
56199
3329
7093
40858
49699
22426
18436
2735
25273
25807
62566
10367
48311
2616
1280
27629
1397
5640
1297
8258
1283
13280
22898
36938
23082
18779
24872
24848
20792
349
30300
20414
58303
47980
10073
145
12287
30
34478
3271
11850
7245
272
33785
22249
23823
25668
26355
879
18439
5831
6284
61906
1674
10355
21261
43358
18090
7263
39363
3497
5992
44247
4071
21374
47509
218
9526
37340
36628
56462
2613
5067
26509
34320
30548
5222
11417
7261
64921
15873
3085
11461
3452
10646
17675
65625
14301
42592
1693
23232
49175
9239
13082
62437
31723
3205
20332
47995
25367
34827
35352
20222
43608
24046
27339
14487
15627
3052
35464
316
4315
474
58005
40846
2975
44887
5069
24997
2936
55192
2523
25019
48683
37994
54597
20467
39591
21796
17882
20447
34166
14348
17791
3407
15480
4779
19514
42436
11713
437
50639
9545
440
10212
22320
34920
26515
11371
23821
29185
11180
1280
2790
31409
24593
58097
5359
10986
10654
9243
23327
55546
45984
37184
26144
10339
23796
15607
53193
49860
2545
26467
2703
41417
25296
31599
16806
9410
4141
46514
43850
11834
6178
18356
3569
30114
3622
60048
39297
10171
2961
7284
35335
424
1418
2594
26379
53437
36590
1646
20922
49968
296
4231
6027
15258
5838
44236
27587
19018
1269
36604
3948
4773
52128
64130
5247
18715
5942
7083
18368
77626
71220
10429
22874
13212
7322
6927
6950
26786
51596
15772
2096
31339
48184
21839
21583
8115
635
17735
9929
3607
43402
18786
42522
6622
19542
11710
1817
93
23705
9269
7482
65061
3524
15349
52642
3180
10305
3289
31750
669
37271
30383
42712
4653
32601
57318
5559
12028
419
4309
3804
12534
9648
18838
10045
32355
35658
6324
12813
17240
19351
68573
3968
9612
45951
29360
43174
13125
3830
869
10351
3331
3123
13141
4169
3292
23957
41223
17699
19919
7173
17026
17557
18555
638
36727
5887
8035
38251
32166
12226
56707
632
732
12096
228
9706
8698
6482
14714
19345
34085
47507
567
16927
60382
19630
11400
13915
26572
54174
14616
34832
19919
6526
3258
69399
8292
26312
14164
10268
17595
77078
34804
58116
13773
20933
10220
42366
5333
7478
28448
17946
17010
52226
17839
52400
3104
4858
63947
60875
31709
2864
50724
47212
5007
45153
20904
11184
3921
6523
73934
9835
18686
22189
4451
42100
2016
11140
16784
23255
40588
1317
20323
60932
51158
5535
62395
31403
8478
2509
61530
14910
56469
239
14502
11044
15489
36438
14351
16447
11694
51691
23034
9931
28910
12745
53388
10537
69433
1570
15929
70113
27064
41662
4999
6126
14118
32674
43854
20274
63344
44570
13144
12484
20638
3470
16456
20434
11541
63789
42020
58550
27619
4876
5426
15657
40238
3485
3491
19777
9807
72695
24216
28362
46671
20113
29766
1539
7406
44108
2036
5036
62872
38548
13133
24307
65131
5420
38484
37602
65592
744
9533
20720
50422
990
496
13707
4116
8924
2355
30818
5443
1644
13817
30933
52609
65793
161
23334
25922
27808
7704
6001
13936
70089
20974
14668
227
3503
1148
7103
11284
36241
29067
5173
28916
48234
12401
2010
17986
47597
10377
5072
16058
22182
1336
33688
35032
4445
23572
31860
1460
1055
30324
1895
16132
1550
23096
12801
20582
3612
1678
909
1312
7659
2550
18148
5745
30386
62090
23010
16346
13958
27116
11833
39802
15396
65165
3410
18285
57240
13047
21015
1613
57351
41186
22500
34967
3926
27322
62203
55001
22895
922
7308
9806
8734
4540
13149
3191
64454
69622
36584
4638
2200
48189
73975
29985
11955
14555
639
42794
32382
1987
43548
6097
11267
17545
21509
44700
19524
2198
5353
32695
5603
8878
1557
27839
11602
52241
15721
768
35041
6171
49473
3608
1130
53963
1154
1637
13535
54543
20159
5053
53980
6239
792
6874
31172
28739
28169
40
22640
1053
53659
226
9005
7053
39991
40336
16814
38782
3595
16798
21593
4335
27617
507
28203
1593
10481
40189
11001
32458
744
22984
24735
45081
23667
3986
16605
20258
55669
2314
70791
26880
73689
163
36885
4854
34166
26038
18355
22824
24444
1132
57447
8594
10697
4625
35128
32760
43040
13605
34623
823
2074
30903
39824
3897
21150
2163
14717
5816
10279
66568
37367
7193
21577
16063
14247
4669
22958
22289
13111
6747
29829
3095
11294
74668
7539
19454
7450
18997
2256
893
12817
3717
10836
1433
16095
11126
6003
44383
5252
6176
899
5634
60485
49346
18797
8041
25673
16166
41640
14274
60092
158
24908
9319
30004
516
7866
35137
1513
21075
30294
36270
6843
25428
9511
7634
23937
1319
17671
11307
41315
1259
11643
4737
57463
25431
4004
15229
8113
5716
13889
3780
1490
5008
10032
4069
26201
15166
2873
8182
9429
33155
2282
38062
15445
16009
3766
10999
23030
5763
41774
15475
4978
7781
10251
2412
29863
16503
48296
7306
17432
32207
20299
6638
34513
644
12730
12234
2620
11708
28197
8634
6945
8321
40325
20385
27919
1012
7470
13582
8032
43851
16326
24697
18246
57900
30637
7214
13899
5180
26068
14365
15621
68780
16880
23733
8342
9222
23537
54333
8239
199
3673
11701
15914
38802
20145
9084
660
2624
95
419
21678
37043
4049
13143
35881
30183
54141
14383
873
1843
57264
16848
27638
17900
21901
56823
14770
35453
7440
8165
74636
8296
10781
14949
49160
133
77035
13936
65838
67686
3246
1787
5789
65027
19264
16131
17221
3840
38222
18696
21506
448
34334
45946
17775
3396
16557
32049
40166
25958
36942
1720
36692
11885
11694
34239
8658
36442
6156
4799
8978
32681
15705
44361
49432
5830
3324
13816
26120
6257
35322
53725
63121
19264
14699
7237
38248
24495
38177
10297
11288
8868
21107
7711
1577
43068
3051
832
1860
13094
23834
23889
13440
15775
8878
1794
16817
15428
22620
16323
24309
14244
5306
34851
10031
27885
13394
6692
612
39453
4745
2155
2105
34869
10158
4732
18006
16756
16376
3803
2188
7536
37693
16134
18910
28822
50983
26053
21323
646
23329
27188
21130
1749
3072
46626
15648
46301
6124
5569
798
3649
14996
11635
2134
7086
5330
17883
40622
18848
4085
8902
64247
2714
45219
14674
6350
43229
58177
39517
4626
646
25
51324
45098
11413
18888
17368
8584
2993
10979
309
10994
15449
34871
9359
48841
64522
24563
4279
24132
39742
48780
14973
19718
61512
1183
33946
2491
10864
6983
24531
9931
6852
27895
6975
20198
226
42425
10410
29207
50822
5279
8952
44687
4949
4509
860
1682
9409
9905
5193
4782
6193
6445
22000
149
35141
5473
34988
10552
60141
1792
1795
13263
10887
4291
5988
11088
47793
267
10721
43887
9609
1320
12372
4360
18596
40546
7732
29132
3868
13254
53897
23347
8359
8048
51989
44792
44935
62205
48076
31083
39558
44480
6898
41616
10062
71331
17161
43969
12376
46251
62513
6214
10010
9013
22680
9252
15884
11530
2345
4549
15498
11445
61391
61991
10904
6293
3059
55203
40268
3631
2270
169
18889
9532
41969
5712
24544
10582
540
31912
19667
33844
63522
5405
171
63888
41071
51006
55992
65190
55066
16161
3415
47434
6849
112
1216
23641
29606
1067
12303
18907
15611
21215
2798
19294
62081
56164
628
2415
16119
3094
33388
17290
659
26179
1195
59807
29489
33049
32499
9634
47311
8806
9094
28334
3988
9445
27604
926
274
46903
37802
12335
14729
14155
4766
12314
15831
21816
19152
37005
320
707
42553
7138
2350
26153
59098
13968
3014
19188
2027
24978
17913
15880
18563
4275
518
1739
3845
17767
478
35429
17741
2349
15736
68191
17037
10933
67858
51597
66681
39729
43613
9342
1072
11564
2696
5427
17537
7065
2266
40246
26578
4694
22026
6184
7883
10600
4731
26311
12369
46919
15520
60427
3716
11748
10125
37738
1672
8341
14897
42837
77964
58376
20611
10018
1642
1539
3205
55504
307
18444
13509
48653
30968
13113
17941
24485
34445
4901
7901
22559
4672
17271
64766
21861
261
4570
17636
6596
2010
565
11903
12641
796
56376
5850
31399
9751
4193
544
2330
15768
2925
28773
55477
434
2528
69078
18903
16427
6238
67069
38922
20849
2377
40320
20500
17157
11800
11916
26342
2766
4204
526
14136
2922
3520
13367
1234
6478
4281
35616
21352
42513
3005
38519
44438
6584
7500
12658
9285
10631
14527
15140
5138
1260
18355
1897
34992
8338
54675
52695
8355
17728
23841
28621
1825
57021
43106
13843
1852
36896
1828
8446
12000
20619
334
13035
58266
993
29017
13705
16614
47970
7675
12785
14507
3862
3908
1382
10364
31835
2822
1556
19370
24632
26969
25610
14741
706
23278
350
6628
5169
1248
58149
35844
27087
11644
8565
603
4489
30912
16209
4306
20157
27187
65783
30226
1620
39163
9293
20011
3512
8983
38540
19136
11124
17018
40074
47144
17668
8733
29849
3868
3767
5234
8652
38505
9001
39478
8623
18983
12699
23595
1995
69952
3509
31837
35800
13585
14722
222
1009
4049
27625
2972
22725
6686
72901
49986
10174
3944
18601
10652
19671
7274
14305
39212
226
42892
4503
26117
34901
22081
6657
13151
35684
21543
46725
47913
41556
73422
43798
6704
2056
3583
21915
14533
1660
18397
14685
59623
26767
10960
7580
3674
29092
30434
40310
14806
17177
18733
6642
51802
11753
28964
4651
25743
19547
580
5740
24179
1407
4153
27763
672
11589
12979
7799
1947
53000
8197
4621
992
53046
8341
206
49363
7117
28989
2929
5367
1128
67837
27406
56401
119
23127
73723
22880
6327
37236
3848
3953
42719
16821
15285
33860
16746
14043
25276
29701
7508
59923
6486
23282
5458
22279
5004
43153
24894
60707
59864
1001
27454
10765
42714
59714
10801
34885
1463
17924
17899
25844
13213
27551
59220
15617
55526
22436
14105
31159
661
18082
59158
11932
49111
51377
26212
27942
18311
10141
45685
11399
19999
1468
48782
22237
11217
1368
43200
16879
28462
16205
6480
45588
62598
1064
2678
59928
8419
1116
50898
2307
50261
51897
11636
1907
1899
14231
19716
5034
31459
13886
8443
25385
1433
63460
11777
6999
30905
4371
36001
35450
52686
9540
54899
17086
30495
5545
8033
9405
30779
13654
51858
51569
14443
41737
6503
39637
29782
38463
429
14440
42975
4746
24689
5832
19990
1957
17828
17489
8881
11542
34246
12130
26680
17698
3681
7974
15105
8316
14116
33689
48433
18919
1828
17682
722
34515
17446
51043
17141
35287
3925
9664
37522
18304
40886
48620
4485
12544
31468
29143
1360
1634
78076
32306
3911
11586
34148
7867
43471
4673
8714
10301
6476
6
36812
39542
7899
24503
49332
15558
10005
978
34084
17792
30227
2215
46410
55430
40129
15012
885
27027
6982
2054
25071
9666
5005
6941
1855
23416
26617
7063
35187
6366
38275
2407
10238
17691
6277
2803
62823
611
16211
2886
23785
3155
3881
5016
44966
7478
910
39223
11273
31685
21796
25425
31769
17936
919
1254
12189
9097
1939
12537
781
55969
16555
7401
48119
51763
12901
9968
57158
587
58641
29690
27840
14704
150
1758
19115
25519
17753
30289
1424
20400
778
29843
2056
123
8698
11833
21847
36193
7219
21356
5095
12616
40599
2393
4058
19928
35494
15411
33241
26542
30889
360
4861
10021
21201
48665
12336
17357
16681
566
15713
6567
6011
9179
59410
8817
29120
2244
5193
7797
22968
43934
5059
924
2215
19518
9719
27567
50481
40663
7180
10885
16314
19300
44496
7782
7297
9087
34605
39700
10151
4041
6513
9950
1532
9427
35287
27639
46248
31853
27673
57760
22360
2866
39786
8322
22681
4643
3486
39774
765
28277
13312
1533
5237
13703
49048
10779
42923
58
865
10077
8147
2650
18801
6323
5467
56806
8638
17875
33080
42971
50404
3809
14017
443
37081
66829
25616
6651
13699
43597
38058
52342
10907
10803
52930
2339
13888
11249
5795
14549
45668
61987
50592
41673
17785
23969
721
40458
6292
13035
5911
10992
50049
953
70015
7618
46261
77332
36294
1589
13494
63723
9273
62480
19161
14788
20156
11316
4152
24183
271
32954
7123
8562
73273
19595
20730
4649
17954
9727
51089
1107
12804
5273
40211
9217
46327
1132
14962
10199
9796
122
28194
18971
2950
35537
39470
463
40445
37158
199
13307
16529
28943
14647
13542
23345
2715
15967
39387
16658
49227
6907
29108
20068
605
83
34095
23583
27759
693
1272
5730
777
43577
2243
15282
27468
21030
4302
6531
7043
55560
9169
2202
10109
8037
7350
16312
2949
30922
3621
48252
2634
1502
33311
4480
16300
4756
52011
10937
9805
10210
7435
52437
1547
10375
18555
22835
21197
33366
17593
64165
7018
50770
3974
782
8756
17942
452
26066
49250
20444
19155
16883
20982
25523
30022
20530
6664
9856
21490
13090
14854
515
1465
12711
4734
1671
19229
13507
227
58135
5456
21449
4244
371
16339
44587
8785
4832
48137
5088
21657
16459
5695
27376
231
8704
4103
17656
818
62398
30819
17373
24858
2067
39488
50896
13971
10050
14357
26963
11355
16344
4649
61638
14602
40553
23715
4323
20625
38863
12769
8242
9484
43879
13524
22849
16860
42879
22442
562
1661
16875
23882
4255
5826
8410
68337
43713
1752
38107
2852
9055
67176
71781
32492
49872
9189
4727
47352
8507
13511
6653
41182
12239
28646
11812
11534
11574
31268
3767
11836
38471
37794
33933
31648
14646
1336
4330
50611
9329
24821
2500
2222
37336
10482
6025
8999
14583
46273
4155
18163
69426
51675
4686
11332
2969
27734
4651
22946
6304
29770
14572
22679
35405
27790
24318
30159
1773
24715
44970
22192
13142
13245
37466
26788
24834
31347
57648
11977
11243
29249
37237
22271
28738
11651
2215
3242
17779
4090
9539
50284
7486
46283
154
13737
9914
476
4100
23217
1326
39472
21060
8281
4928
10139
51944
17290
58461
557
13722
45013
6614
15363
40837
1743
29768
641
1691
76371
10124
25502
41284
212
36926
1407
5860
6183
8987
22625
62373
48788
10010
31638
20143
2582
49199
7969
25385
588
45553
2227
3635
6747
13818
14977
4364
7699
41357
27717
4223
20421
37120
51442
49169
5147
4025
11560
19670
4325
3051
4617
780
11455
9909
38970
2006
27262
8258
408
19119
16417
240
16271
37983
43821
1572
601
32150
21504
22201
54787
24125
4320
9046
13784
10307
11498
31557
20627
881
40648
20723
1
3091
10403
3910
19220
12406
13527
1237
3866
38036
127
22
44281
44789
7554
23485
28799
40682
25310
39612
1551
23551
56199
13076
9330
7874
654
2082
8610
20530
8718
8171
40656
21850
17149
18062
25612
1286
49741
34043
1929
17914
70047
58613
12880
1739
6155
1571
52287
32716
15667
21364
3889
59266
1501
39453
15793
13776
11356
16280
27188
10337
23893
51162
63505
37532
2414
18666
7749
13054
4117
20559
7067
22870
39808
4199
834
31092
4290
18953
37192
13782
3979
67822
743
502
1862
16847
23257
25715
14716
5599
43225
45843
16924
20666
23651
49194
2236
5333
20515
30302
46281
17319
5653
685
70489
12746
49901
1242
35058
3823
32478
116
63477
77280
2012
35590
45360
4238
36828
4828
56217
58807
18272
25411
33452
23956
28919
14189
36645
21408
7489
36202
10086
15650
53343
47181
8387
15263
561
52555
20186
40328
20014
58949
31051
13489
3061
297
7263
25269
9620
11241
50726
9285
58329
11804
37087
19583
12006
40212
14917
9952
23058
46004
23227
3554
7110
20019
2218
6726
7385
7166
45391
11983
70463
1502
67709
1408
2449
1424
6665
31600
24455
3240
41821
2622
34951
21166
26339
2832
9221
4890
33413
4057
389
17239
19805
29162
1858
19869
23883
3405
5641
23646
35351
14580
85
25789
57659
18725
32674
22331
325
10878
2278
28911
37426
1209
2835
5750
20862
19326
32354
1658
569
7553
19719
25215
34041
1099
6536
24210
55193
5009
47976
11467
3542
14190
3856
9274
48928
19178
15178
10337
11055
14423
504
424
8740
23404
8432
27565
33335
2721
31433
11518
3421
23695
29960
13547
26685
8987
61091
18429
67635
47410
38186
2911
6997
1699
13677
4546
26843
7280
9234
4852
3432
14970
26513
8976
4136
21410
17970
2547
72743
8713
9992
984
55220
15193
28364
54563
15332
9089
46726
6703
11677
53492
18784
17384
55807
28566
2438
22868
13904
3498
5450
7311
4647
5988
5482
43516
20549
16549
26198
35676
1173
41827
2767
8061
57432
69051
19266
7525
11
8111
14789
29581
48488
12413
7028
35724
20002
6147
775
42995
8891
29184
47152
35753
42206
34455
4564
25000
13601
45856
1930
12640
2038
71082
65696
35798
1196
478
3772
13197
15573
15396
4136
45678
6347
2712
64535
62
56922
15798
29892
42581
14409
3890
11931
17041
13449
3914
73307
29132
34313
34322
19708
215
26509
28732
6582
9935
6588
10397
44454
20749
73741
2875
39281
9310
74753
49405
599
2993
49262
813
5562
14220
19517
19678
4441
13595
622
27126
34682
2572
22462
48327
17195
18617
1847
3420
35190
11387
10999
18505
4237
17299
35292
29299
28053
4044
4641
6091
3750
1763
64522
19645
10821
22265
17913
34629
2876
20021
59076
2243
17802
6298
52928
2985
393
46053
42808
20331
13704
1083
5826
4936
28679
4387
1417
33778
36775
54853
40663
26953
23291
56718
20817
67336
921
17105
2974
3812
60304
49621
65301
44751
22773
431
9611
2253
5126
29809
22340
45410
21063
6694
4283
12760
46473
53887
9303
9605
25148
13643
2030
4040
47009
7259
23563
7695
37692
95
69955
8041
24
50107
26915
1714
11534
36672
146
30229
36136
5009
38361
8001
55237
4439
48834
18871
27504
28044
1912
2802
8986
19930
18323
15608
60909
7993
53485
12112
12570
12379
1036
3883
39892
45768
47380
6436
29758
17477
8824
36011
16373
23615
8107
13110
3156
12402
7045
25979
63263
36719
2228
8857
29916
5590
27494
23239
36653
401
11767
26861
7947
12388
40863
16377
1303
1178
7716
18739
22355
16506
19420
14056
45262
6649
5323
47188
8705
5514
17282
47155
124
58631
50828
1526
18302
35838
20852
7934
1655
9044
63012
28253
6852
45530
1747
35804
20300
59374
8748
34933
1182
38827
22989
3002
22021
3279
24188
231
54159
10602
31287
27681
11596
7347
7076
13888
76
11838
30013
2650
13506
27787
5505
36110
1257
8987
58035
6052
99
13115
312
2661
19864
2530
7844
47962
34785
4037
30758
5374
67609
47495
4671
29052
17572
3742
15883
12637
39582
46
12129
1777
9435
1352
9297
19748
16052
11483
4412
19090
20401
45234
9726
1370
45668
30292
36960
2380
4598
741
28509
24273
36
209
33787
18376
48348
43213
13229
3681
1967
29052
23915
11736
23647
2394
45548
2344
2621
4502
959
27511
17047
26902
13275
24095
16543
44555
51550
43013
2669
1086
1268
30120
51535
33942
67213
20726
56335
20325
3383
40903
12479
951
3234
7957
40986
38673
32280
288
73334
51114
72533
37468
28674
1181
49200
40319
65644
496
22496
2331
59114
24114
35383
13821
28455
15485
1092
36402
3417
3164
405
30452
2940
16781
14690
4574
4443
3808
8079
22381
40180
15738
9929
27116
14922
22508
1305
3769
26788
18610
9818
8005
25465
24736
37803
22789
28860
1772
3168
16591
25828
29063
9103
805
14407
5354
38627
7314
66484
18374
23633
31794
8641
5249
3781
3764
17575
63370
4996
222
6141
4149
3779
10071
46711
43045
6848
22057
19742
7781
32884
4104
35256
34722
12539
19217
16994
4353
59611
54700
29320
758
26328
53822
12927
12739
11576
2283
29065
243
4682
1727
64166
15237
18035
24896
12805
40488
15683
3889
2416
194
24669
1471
15806
3623
10125
14896
21873
115
2035
8810
6005
2914
16870
47908
171
62486
1758
10429
3612
6970
39982
911
2813
21851
116
38311
1306
5367
16642
24447
12320
14600
445
39131
16474
443
17034
4294
2008
63474
16802
47359
49703
12818
27324
56637
5109
70113
16930
2004
3594
10623
2457
6088
14
68574
5878
44
24426
13303
16880
7557
8716
34828
6698
3985
19039
11837
67905
40296
62821
5572
30639
9621
11642
43028
6101
23548
11862
57093
2994
6418
21127
38723
30074
1296
2772
9811
34127
17978
1584
235
12487
527
7029
44733
70383
15859
34116
341
38113
27936
17969
14270
49375
40686
6427
11020
19376
20681
46596
7714
36741
52506
9410
23796
1541
41030
26705
27724
6296
864
37123
12370
23886
22948
6037
38212
25016
17394
34679
22484
11151
19691
11396
3380
45123
40
17492
33983
40290
24721
2185
1571
27172
48
56339
26364
52705
6834
7083
14786
28670
14367
4250
28969
18582
1200
37810
1552
42913
4415
6817
22574
12973
19648
65004
5209
43819
9253
1616
10215
47615
4157
5083
68675
23516
223
14278
5407
195
15936
5763
896
21103
16930
4622
38939
16523
65436
17974
1779
37276
32546
5225
2078
447
2276
1741
11212
15731
47365
15243
54297
17717
29351
8525
30917
3800
16107
15728
5002
11020
4411
5227
12513
3850
18056
36339
13070
44371
40919
9353
1810
29528
8218
45773
5890
10145
12219
63284
37306
19499
14512
7883
7354
2522
13926
3517
24522
32951
16560
8857
21677
105
7112
58836
10471
19229
20116
35097
1935
18804
47458
37912
31344
8873
5956
76696
7287
8857
38804
21423
17997
26533
19354
8669
586
44910
3215
2610
12579
48917
37033
33517
13659
66463
17794
59621
3890
51714
2779
3194
30655
49941
19477
7673
22071
23619
33329
755
7828
50958
18865
1199
37178
5624
296
7530
19146
41658
29308
8284
19710
4173
54006
54501
33
13318
14536
814
71475
15549
51423
51715
20329
7738
6392
55889
8321
28430
20217
2291
1263
2066
34265
9050
2429
3795
18472
2048
49180
6375
52594
28124
35334
9093
3649
16089
72328
3302
41349
534
17375
8383
48105
623
21628
35374
29430
11640
32383
5102
10456
11165
21163
38046
22120
10599
4592
12926
22983
24327
49138
23233
45287
3720
8887
7162
4034
29854
58520
25343
30309
45609
7965
1010
17254
31679
3673
11258
74387
48179
17680
12485
6844
15677
5468
45991
63543
36749
41416
937
11599
10572
32
30150
430
12946
3402
59660
1115
3967
66963
8491
45759
40013
5929
41190
35199
15638
49851
6262
24136
63679
9834
14984
21095
20889
17051
7385
16602
580
55243
57627
46986
26597
7396
6534
1854
587
29396
16081
7000
19720
12115
8887
31823
24010
63692
7468
38878
30659
9441
13479
2912
239
32476
2299
15153
38
945
21183
25600
3657
60489
3573
20459
10045
1960
10573
17991
22207
3020
16647
18504
13659
7842
50487
2876
2110
45260
3741
12730
1200
22788
22428
9381
15117
45217
13961
33093
4079
6150
61516
263
20740
5726
59291
19990
7903
10739
1639
45005
9127
22082
53900
14790
7836
23296
275
16094
4083
61294
3970
17063
14044
12537
22682
17526
4421
7272
13266
21252
76494
3861
40852
6576
4117
2371
1651
702
14592
3769
4560
6249
3977
18757
2885
223
19212
24712
15579
50187
4716
2742
8886
3700
23137
1193
11224
3476
1379
3661
15014
24574
5178
5328
7494
2453
6602
51199
10808
39343
24384
8840
15264
13739
266
60287
50997
8894
3425
942
57520
16371
10467
22876
23027
5424
39660
9712
10103
21021
37522
31241
61061
6367
8602
53841
31339
5559
29483
14528
42282
58216
3966
38560
54025
21461
60592
18560
1904
11099
3901
32767
1112
22965
6550
10436
11208
23955
14650
8915
20065
5033
58601
38036
2328
46188
39232
25859
19083
15169
52445
15160
18671
35700
50474
11001
16159
38035
2039
32306
28695
27803
26251
60495
22800
26611
13
5565
4713
516
28726
32792
21834
50574
3511
56009
9911
12409
28589
16090
7255
46051
2578
53202
5696
13799
13872
18306
32396
7075
25238
31171
48554
1825
769
36476
15485
40386
5519
10138
32597
3586
64999
19572
5255
27374
36012
1220
26879
39942
303
34249
12488
1313
11410
17107
27115
64498
32124
18238
6527
6714
4050
25238
3616
6803
30786
3734
6741
8386
16496
2235
3976
5308
13139
13736
20833
8135
37697
37625
2163
17489
2527
33146
5817
19449
6375
10902
44665
55574
8080
16926
50919
70594
57763
68467
12060
20987
7970
29067
1938
4722
19068
35397
40212
29800
2176
66677
39201
1802
5426
10580
8683
15461
1512
5939
7670
3938
46808
11280
15290
44618
7594
10984
10310
30644
20353
37710
30421
2016
34662
6062
7540
9456
29729
13667
18244
4866
17227
3209
69782
24876
6713
30052
30294
58033
2112
13514
6098
39130
97
56692
59
16580
35477
12576
20695
12749
73196
4678
21126
4236
41225
18441
6117
26612
26801
8596
4237
6354
43585
708
28441
8432
14969
11590
1560
48723
19395
1471
9626
31252
69708
18931
7944
37889
50519
10177
5589
5869
8509
30990
1902
2325
40613
167
38350
731
21778
38618
14045
63779
65043
28774
1085
30290
16567
71563
17942
35595
48497
18527
50985
14508
11750
10376
16462
10222
10253
5574
21871
41321
9631
7349
17662
1587
1116
706
12290
7291
39468
3970
3349
7925
6324
74914
39137
14996
3567
12903
3552
18427
34761
49620
7129
27841
11036
2560
5422
14591
6680
5447
38904
5514
17007
68
3636
35408
8575
58717
18297
30358
41167
53812
56941
3152
18978
15820
35017
36555
8001
64302
14798
12303
54238
3607
15896
1077
45397
29455
3353
178
21604
9183
6736
23758
12438
4381
47749
24449
2320
60306
9394
24653
6595
20590
31508
18657
5662
53785
31792
19279
20040
41381
24591
7223
2894
7534
46
3252
54
13713
16864
26890
37142
8314
12316
55679
3685
55160
6409
30940
25271
29407
7819
25030
25311
9276
52754
46960
2362
2088
10860
8277
26403
22645
39255
9700
15216
15921
2334
9643
3572
1482
15910
3323
44047
1203
66714
1583
43555
10569
22563
16058
58110
9876
9482
7151
2374
1868
28374
4522
63276
38991
29752
56607
3284
44061
25260
33641
32120
4910
29727
25544
60289
11180
11817
46352
54455
3867
8755
5693
24000
57929
45755
44151
4877
11129
11865
60495
15464
26896
5080
76789
750
53632
18330
17937
2153
1158
30338
19806
14793
14294
3930
56047
28521
13872
1949
15643
29354
24277
33405
6526
1867
11449
1147
3943
49814
21301
49746
8228
7122
2231
26205
31579
1339
2846
9871
37824
30546
7527
41004
67148
28234
37160
3335
49507
18611
18525
8846
1349
10541
14543
21060
24544
57807
3503
59365
5071
35154
645
66221
22552
61146
41527
57952
29091
18848
2429
15950
32561
1471
11154
20374
14900
26719
21509
9961
43930
4601
45534
43564
15917
6475
32768
17283
46268
26633
19326
18343
30786
11704
38718
226
342
11734
25058
29820
4023
3779
7251
2789
56074
21894
7710
10545
4326
8677
225
34176
48187
11421
8720
5435
11372
25253
6976
50655
9567
25433
20554
2730
924
48360
71513
27365
60092
35793
44930
15568
628
11610
3728
2950
2662
662
41751
35834
46438
12100
8346
26199
18153
13004
1067
2596
4710
12182
8127
8237
30601
2053
38933
40401
385
30271
56915
40150
17262
27809
7854
50520
2040
14768
40776
3605
47739
3981
20190
30594
1057
15339
70554
9963
43614
42195
26928
71097
43021
11384
8842
9280
15424
42649
1273
9500
23158
50875
24007
25457
23225
10764
27392
2637
75103
2543
16934
9750
5
61311
25352
38028
7869
33821
488
13068
7404
43984
60972
2478
37035
21872
1278
913
29764
39308
57293
52410
329
8300
28634
39707
344
11187
14746
66956
2994
5534
11614
20307
51476
4560
8926
31042
3069
44050
395
9761
54017
5920
7553
28732
160
12392
19455
36506
7131
14045
8075
4336
13306
11973
1938
6790
2495
3063
40933
16659
1765
19630
12947
16148
43640
67122
8406
14919
41949
31705
26759
15702
1157
11778
43817
56236
30971
1579
27586
614
1718
993
34385
29243
16539
31197
22243
11951
9371
14847
1203
29876
11643
360
10483
27375
26267
476
2463
8507
1592
1046
73923
592
43984
8496
34827
3318
10715
37902
18410
30445
17634
3057
23247
754
64699
32162
47854
33782
4531
8125
43242
21765
60198
19945
51484
27518
1942
9087
16810
4684
57058
34808
25795
1541
4382
48509
19294
25308
5787
12213
2022
5592
8605
70
5014
967
41826
6098
18616
1088
5408
66765
36590
31476
8899
23835
73908
12693
33743
9472
8348
6184
58847
16578
24481
3871
39413
15269
12559
2212
32089
29098
2453
13948
6709
18267
48767
4079
28498
16742
4074
20775
1092
24130
790
4520
19
30583
31305
4017
25577
30115
16997
1181
15130
507
45095
12147
2735
44996
7533
18969
53221
4825
1022
1222
548
17081
1798
35945
14803
10765
23712
33068
23344
16398
14263
8022
16846
11920
9873
49615
5348
16363
25574
29340
7770
6460
4988
2768
10673
10506
30588
5626
2552
36721
35892
27574
11422
26803
29349
566
27302
7858
45555
31339
48458
17948
39757
24245
3951
18318
36662
7730
29511
4587
302
1774
326
3576
12583
35791
14349
71084
18327
22114
57528
13554
6391
603
2575
4569
24824
16436
9999
3200
22467
17375
20925
6344
20850
6929
9214
8717
35292
5706
73860
26999
8082
12770
4678
76
9113
3192
194
15776
58196
11251
28251
31854
52502
15825
13484
31978
25540
33129
6126
26336
33587
5246
1211
42756
42630
16894
19409
218
16406
42346
2091
70014
13537
320
4611
15041
5035
39004
8440
1027
20101
36261
26704
7879
25839
19348
7
465
10524
2090
20680
657
31530
674
4380
3364
36405
41373
45268
14162
47777
4077
3881
1336
17100
70
13919
28693
4821
62163
8534
5205
9598
16798
3389
719
2745
21860
15104
11672
59422
4014
30049
3181
1848
2643
14679
752
909
8538
19824
28424
615
1329
46386
1443
1527
29986
36702
38551
44504
39611
4028
675
21185
8136
15668
2807
9129
26567
2361
27563
24568
26952
35198
23730
28075
2533
61894
271
798
15215
6368
10810
24619
3587
21359
3867
4068
28466
45196
14485
14084
45884
44014
669
5756
20836
21497
13229
12577
3596
31466
19545
10717
122
6461
3954
38587
17972
625
9855
7717
723
57320
45706
17350
17209
20454
67780
47726
35530
10929
18704
6452
41838
15251
17962
2942
26638
43240
2374
1529
5018
45802
27924
3631
13759
67975
3776
7211
17035
15972
10080
57395
34563
48965
62839
22906
41318
18558
26885
28452
13470
2249
30895
3183
22722
23843
19737
12263
37862
4893
50138
23905
17382
55794
24294
4493
5235
32497
23371
62815
49470
5202
41180
20665
60223
3210
46033
12595
8542
3841
38830
38494
50563
4841
8338
12981
8441
1934
21484
47045
3853
10078
2063
4816
4860
17990
25130
557
53648
8043
12930
12059
2990
11116
233
13405
16666
38593
32719
2347
44438
3768
521
42736
32638
37534
56513
28587
32812
6879
70699
15062
4069
7061
6219
25496
33011
6452
3036
20473
54848
17469
16097
12223
4045
15639
20317
24563
4383
784
1518
15308
16727
6115
2127
7099
19915
27033
20329
47899
10087
23990
29830
4557
5993
22532
32761
12853
28507
17352
13378
38471
10724
3915
28175
24866
55824
10275
1994
28380
10549
4002
3128
45757
427
23679
17937
17151
16215
18932
1963
23575
3837
6342
4529
57793
25891
29134
16277
49732
7417
30909
28668
24803
43656
394
9458
15643
44540
6477
19158
23331
38251
36192
56316
6082
21381
6084
59822
1979
2647
1086
56224
43757
19388
15065
12361
21547
17273
27692
200
10035
2749
24638
23776
357
13219
41811
7548
46181
10723
8354
27813
38751
27580
13204
6309
6354
5686
38229
6225
22738
42417
28148
14491
32
49018
1756
15505
21145
19820
49452
14078
1108
26987
5922
28312
6294
18051
6311
8762
1167
1237
28626
62550
15879
2927
2710
10625
37168
12278
30974
13258
14762
13045
40672
5163
8069
10338
27752
1740
23069
66183
68386
11081
46611
14140
19649
22357
11785
6512
3922
11882
15340
5971
3153
7922
8347
29419
2651
59333
25749
57756
1117
22293
28911
19161
535
10414
42463
22980
51585
38943
19314
39171
46207
1302
29997
13443
10926
9507
24607
8956
17408
1835
57903
35545
12
14344
49287
13002
27676
5786
17383
21523
10141
19431
57258
14943
28873
4205
59562
6109
7019
17252
17492
17967
12338
33757
779
8560
7032
1487
11411
13081
8090
16309
353
2549
10892
24395
4699
4266
28508
72283
748
11176
2535
18143
557
5110
1950
27717
33462
36629
7778
46754
7702
56049
28496
12160
4379
50
14288
23335
20706
19218
15410
21572
4649
23131
64389
5501
9633
7897
16373
27768
385
54540
11447
8917
2332
55922
25173
23552
16997
41525
28786
28163
2620
54521
775
3347
12341
53786
4004
35839
66847
28163
69971
4239
54509
25945
26001
9484
14052
27
2614
2740
6748
388
8163
3602
53912
4740
20118
12839
424
10806
18982
16819
3482
2827
10865
2837
25057
782
55552
29161
10670
12468
2078
15728
18975
5386
78540
21845
25394
28186
15801
17074
5318
27624
4241
31876
4236
17
35454
2738
668
18862
32466
4232
432
23169
28319
679
57901
1516
2728
37877
23952
5233
5224
41769
31446
30935
4800
40678
23663
1225
2017
25209
57190
24797
18075
10090
50167
69581
24087
24273
12055
40186
25255
3547
52613
24750
2119
32054
3782
5944
37057
3205
28059
35949
676
13689
6126
16565
3334
1674
52317
11967
5833
32251
12061
18772
5328
27774
1182
21714
25700
26894
29002
34917
3802
4874
41740
5210
39268
881
29953
6631
7331
13343
5324
22956
11504
14415
14806
18669
7028
17549
16658
18830
4975
3697
604
40685
28252
65768
3322
39718
67512
31985
33043
6792
1479
3056
71822
49820
9368
10728
9466
296
15503
21403
13316
43390
9943
864
10068
22164
9553
4959
77722
1947
2856
45251
4836
3875
35646
7651
6536
45801
7686
28225
3643
28586
39898
358
5446
15136
32589
29505
22929
3504
52386
3980
24174
5642
26933
40
17365
44348
56910
14069
14259
70727
60327
24476
8707
1166
25
33016
10922
6043
13525
5923
33796
21461
3219
58788
19942
1961
463
31024
38017
7082
1861
29700
18488
30946
22356
27982
6918
13266
13019
9332
15
36885
2902
64256
3565
32199
7753
821
30137
950
13357
427
11686
31327
38381
4432
31189
44666
2682
1077
23794
9229
25531
73485
36239
164
5793
13984
1522
8745
7758
4404
6642
42859
20745
1237
48025
15403
60667
5132
21278
16649
4716
4548
8719
22733
3811
50004
33381
5369
22131
19528
5633
5774
56915
34091
47691
32730
3326
20586
1816
9377
2720
42702
1934
16195
5828
28667
26751
2842
27459
587
30751
5825
28993
26446
40320
22821
13834
32048
22562
30865
2438
14106
18480
5154
12693
73584
150
423
7252
37335
36614
2500
52202
14205
6112
37091
14936
47862
30657
5043
2834
13668
2057
19010
32848
22663
31827
35055
18138
176
53187
1009
188
15625
263
2325
4320
774
56499
2835
3346
56511
7973
62617
44284
33099
7610
54394
10178
38173
36715
3806
7527
43376
7566
462
22469
13904
46019
32303
561
6818
24447
30191
15972
6758
2076
44035
11957
43301
2644
17284
9198
29862
650
31347
23279
26701
10996
6618
29342
5561
23448
17510
15709
48595
3683
5495
2518
27231
1580
60033
57896
1326
14504
51678
10450
854
1142
59788
35643
78049
7875
24932
27394
5496
3266
43715
5213
13215
5549
920
46579
24992
11694
54412
15068
42495
38181
14373
11415
19307
70139
32678
120
52321
8060
21486
12550
24192
14812
3863
23655
28415
8320
44253
5098
28610
4604
23936
30109
4561
1956
39905
37305
19281
29908
1019
9198
4160
8800
1091
68837
21579
8308
11155
62465
72930
53290
1922
3401
5076
8858
16588
42080
1168
3782
72333
76548
61323
3568
20466
26461
4385
34719
34827
26558
101
9907
3329
22753
2339
21510
870
53187
26675
63170
26614
11254
8115
23187
61736
8266
9420
4534
4423
80038
6451
39576
26288
6693
4406
9349
12299
1013
59080
18870
81
61060
7230
17864
30253
10391
8577
22720
42914
29327
38290
3965
4311
3258
13639
12264
13956
39233
1237
11681
30193
29138
31103
33496
16049
53905
2847
476
399
18286
2041
4751
18278
53001
9254
2759
5646
5835
4400
926
17490
51318
10629
6655
9824
45818
7195
20237
21802
36203
10611
52869
52413
5764
17645
5561
66767
9823
11297
59292
44652
6976
16554
47430
1765
5505
72057
36260
2850
9163
5818
2152
3130
32225
35687
7305
6772
2690
486
9149
10241
15158
6334
15661
27675
22628
31781
37687
5039
7439
45357
75008
1573
9311
8360
28487
36803
4164
28265
12248
2818
586
21633
35784
1940
21661
22846
7601
21841
23659
33097
29017
5215
10569
3120
22921
754
71022
58782
15724
14
373
26990
29577
15200
15610
4022
72903
10422
6041
5735
207
21643
7491
5
470
3097
13923
153
65640
31721
9780
11303
26543
17066
1718
4127
5647
23235
22331
4690
12180
10137
38548
30175
1888
12870
6957
22871
62208
9725
3107
36
39866
4703
68594
9383
16827
21634
10340
36661
32448
9296
67353
19540
3774
16224
4375
1889
33622
9690
8476
11671
9636
16400
3761
923
12751
13258
17099
18358
2077
37079
41308
2001
43886
20017
6576
4241
22350
23656
12356
19282
7075
293
51170
12796
7492
7521
51962
13578
29768
18587
26379
25405
1084
9343
25253
17079
12538
10522
25185
1856
1184
10952
1455
6834
14648
51445
34101
9420
44476
7233
11341
33599
2824
4443
22464
2367
70888
62194
6674
20003
438
2057
5672
47
16227
15014
5839
5164
20961
2681
1935
65326
17479
19565
601
15
6292
31417
23403
7045
5306
66432
22792
658
31415
41617
29324
12870
28291
27844
17008
24451
10238
17572
18920
1776
9045
12149
38007
51354
37957
8297
2549
66952
32558
32292
21799
48613
56106
2565
13561
2985
20365
9833
59426
3761
7626
25414
55986
40866
34629
4181
34550
2288
957
5133
27760
35629
3746
5320
3740
21489
37894
10153
3435
39648
33251
39871
13994
7854
9488
87
63007
7222
5504
54876
4630
16629
20723
31750
35050
3435
6967
16062
39095
12553
526
16834
16628
15077
1913
47437
22662
2586
17326
40781
6587
900
1483
55736
52204
2994
15984
45739
2681
10495
10569
25181
49808
18406
46898
31841
16052
19345
286
37361
2185
13536
1015
13851
53409
11401
9335
2378
16025
73586
5782
17770
18815
52340
1217
28398
3241
720
25389
58269
19044
12281
1154
29641
18599
2961
10054
13189
54747
36498
21725
164
829
501
20566
25430
12620
44338
16525
7966
15954
43325
9413
4962
17830
51649
11290
10408
52732
11130
20059
10752
51752
77700
18040
1414
45758
27938
16340
745
22854
17219
3482
17367
15548
806
8625
30720
16029
28076
26239
25665
1041
40071
14997
9753
10679
11504
41068
1354
2280
39947
12860
34352
32922
7683
29159
44214
14526
65967
9451
5395
26630
8220
4271
2057
57865
9312
1810
4134
61681
5610
64808
27427
18922
15985
56397
66098
46710
27501
29061
73420
16345
10842
43297
2393
10812
623
15071
14999
10595
5133
4784
67642
34090
18845
7357
273
600
7884
13219
7696
17045
503
6305
32728
18648
18560
7894
11379
52028
619
32308
16831
5712
5212
1947
9947
50572
46286
16722
134
16579
41883
7256
34602
65539
41594
15481
13461
5025
271
15235
3341
13523
7088
3224
8350
7390
50623
1673
35832
2686
8744
73570
407
49091
1292
24802
32398
9999
1289
1492
8584
31942
15229
11670
14437
26848
45574
5234
4297
28288
20650
4080
12526
3004
18432
554
15330
36459
14499
12550
27858
19915
9936
23313
16128
17879
15922
68247
7128
15213
1375
7493
4442
42061
2609
50732
22109
48868
49409
27558
13863
34518
59756
1816
1534
5331
3310
55025
16780
40047
49557
9359
46364
33458
3210
10666
6472
23139
12546
2794
16277
36778
1614
214
40106
21177
19305
36644
40672
1603
16633
36333
38820
13889
14961
2857
17526
7022
9284
11505
23956
15325
10418
56153
69212
17615
27608
45137
8163
24233
15778
17148
4693
56438
64191
66228
8793
5023
36669
4131
8543
2830
6432
34525
35541
19533
23022
64253
30587
49595
373
17179
14950
8887
45243
41026
15202
3785
38723
53758
38462
6319
2576
342
1244
23429
6899
72274
1826
18831
19458
36305
7336
15579
31958
31266
30686
1162
8936
7535
3971
316
18093
2073
12661
1952
43787
1512
1356
21551
11944
37827
30930
29528
12006
389
7638
22077
14392
7507
49404
1873
31708
3804
70850
31129
29597
47452
13458
10204
22070
26702
14740
4324
54596
17866
47833
11357
34531
28812
39365
492
31059
45905
10241
38377
13163
56801
33380
5811
13051
18727
5091
59130
35135
46316
40508
2765
27327
13
8767
21872
39504
32206
35916
21937
46177
15814
8772
51573
39004
56392
47004
31168
7672
40056
26410
15820
50880
2567
4694
16816
35079
902
21517
6367
12946
549
2859
9406
50630
30669
9468
40603
51152
6356
21220
33699
9975
153
17128
5363
4348
30484
10853
10297
14501
9145
26702
9111
64409
17581
56777
17111
7210
2433
163
62686
38125
5015
52279
9402
3060
56636
20766
32366
5348
48409
6931
15685
31357
7628
12550
43078
32198
2432
13517
6244
65662
32208
7
8957
16273
393
13571
8328
6459
14036
5573
46288
9222
61057
7996
2160
21617
7272
9114
1758
336
12223
8232
362
30595
28299
2207
4385
9350
16803
5535
17813
30861
41694
27946
55511
24347
6665
21425
36506
30753
28081
16835
10541
56766
42121
20777
32133
1868
6798
21244
7802
15503
233
5068
19746
36569
30132
49260
2795
15098
63791
3486
21430
25103
53038
13966
3008
33202
9896
20407
23792
9482
3497
12053
59745
11719
10434
14676
13859
7909
5784
27390
8481
47474
14261
62069
41488
332
26114
7725
8489
9157
1728
1624
1994
28067
9323
8335
1169
25744
35191
9572
266
18207
19209
26996
46292
3247
4539
37422
43402
53933
19262
64509
12664
39732
161
5898
7270
16625
4766
13900
36336
41630
3742
10731
50820
8706
27230
13391
69284
12500
33585
6419
41350
441
18740
8175
2
9559
2524
1270
1677
2119
4648
43971
37823
1643
24865
16352
43200
4652
1848
28976
13647
30664
33112
28727
16901
10553
4582
3548
44185
12427
16560
2399
1893
12678
24175
27066
7233
22674
8938
41282
47482
27194
436
8319
1300
53228
33006
48181
4909
2383
17502
7002
9612
52027
15651
642
33646
2828
15874
23357
22106
18454
57194
7257
58162
30988
15743
8895
21705
15657
17077
37653
35108
1950
19607
20995
41644
41875
15761
8935
13784
41581
9232
17434
35528
7160
31330
14991
49657
39849
10282
32516
6589
17353
3295
227
8694
64078
891
22385
4619
4336
10670
9197
33702
70669
276
13627
47071
10573
54768
28013
47603
12165
5419
22013
23876
10137
12919
44985
26582
44173
60425
11073
46048
66496
6379
78207
24028
4511
17604
4508
14071
23259
14655
16939
57817
4832
38288
7831
647
5259
2239
24430
37083
1791
12468
5284
16580
136
32946
28699
15641
11088
42352
9709
15235
30458
37280
259
2170
16953
19098
7127
57857
14485
21201
8153
607
43619
68431
37082
1113
2702
736
2004
8554
41278
53988
3230
8682
17105
21885
333
17149
57720
5830
19446
27969
76873
33717
27675
8114
25639
4594
3273
1356
3646
1669
29331
62417
5775
3262
7965
10779
43481
1574
2495
40241
9860
61241
4334
1207
4923
44613
24570
64238
19384
18824
15792
3326
56557
26744
50412
1384
2466
56212
24436
13377
9800
5660
2767
5198
11605
561
9077
11483
31812
32441
26381
354
8697
25735
616
14721
39479
25187
20337
480
44195
684
61592
43984
2761
36548
33797
14773
11269
11974
36991
23198
310
19718
3378
30117
38170
63771
27024
67887
5897
975
53166
889
5099
33950
6669
66482
26431
1732
40761
9448
20877
50453
9256
47487
18940
21551
11521
4884
37214
2093
9039
43119
5968
10661
63374
46787
2380
62969
3322
58568
51750
15348
9363
36637
21540
30308
8674
12095
459
5154
16226
55387
35424
18612
10480
45460
23360
2112
50424
142
2579
4187
50475
1592
1896
12135
35596
35300
1953
3596
56310
2362
2815
34175
33506
6229
63608
47146
2088
26437
12437
4975
30950
12937
22391
1217
17898
15469
65706
2149
23793
8129
29451
24731
5031
44217
17870
411
78
51101
10558
358
5485
10870
6658
1150
34327
42191
29765
2181
273
13802
13097
3273
21486
6380
6648
18636
45546
27992
19451
788
20190
52135
31856
34410
3433
18820
45660
10972
64966
300
433
6338
12038
18374
37705
93
17053
38229
9665
5481
11003
21958
389
15316
17396
7685
52758
8628
8460
4132
30047
17549
12122
8643
24953
7563
4267
3999
14724
8491
64796
56195
885
6401
3736
23667
12343
34460
802
49654
41579
9137
1801
32108
3810
26910
495
7803
8021
23466
42735
34884
29806
48503
13318
18377
3648
11010
37361
1175
23575
33310
23354
36014
5119
37778
18379
2888
19510
31098
7226
25150
113
23431
6578
9655
75958
40002
11449
8663
14260
49563
65736
4062
10748
2296
572
13438
41377
5503
9640
10060
5903
46252
15782
18881
812
12255
40549
6178
1126
41609
23336
10277
1574
25670
11610
28481
9722
4794
16332
35943
37474
58185
1104
18530
23965
4215
6395
26650
32796
46382
70562
3031
2227
33214
45641
6308
3737
7913
9304
19990
11755
6007
9170
1049
18989
4413
19163
20095
14361
3384
65099
43580
26842
661
10720
20919
23068
65166
18136
10185
20131
13430
38578
1675
7448
50
58169
70742
18890
4050
3099
3445
8341
2828
5226
8541
15059
6973
39419
25824
42203
2366
32814
28191
3419
30080
8664
4650
44967
1385
8326
1723
32885
4194
12296
70035
32525
42649
30511
36332
31292
10635
1720
64053
43728
39152
30947
26877
32037
36018
14
48162
37500
21252
40637
7382
12483
8672
5803
6920
5540
16719
63673
31089
8104
49604
21809
29493
3681
5310
7011
4006
3655
17292
38740
1156
15008
9310
26402
47555
11767
68262
19046
27088
5599
74857
20381
5984
1792
26369
23630
1269
11465
72107
20784
1726
3797
14432
1409
669
30201
27207
11417
1455
24024
378
20029
11381
27978
49494
15482
5998
14668
26187
14705
23007
30875
10478
5028
26638
6867
24549
2582
65780
7002
29776
3300
16927
29058
3619
52519
1572
15184
71845
45054
34779
22833
2451
3196
16837
10736
208
5889
7864
68863
8821
60544
41589
664
3646
13381
33711
43689
34935
12323
19361
63500
9006
10139
19467
34553
18091
3705
1429
546
46325
1729
25659
42227
9364
11920
32643
610
4932
7508
27385
13061
2058
755
30084
32865
14507
50338
53617
2484
14592
20790
736
23263
7163
3213
12168
9852
9297
8628
1517
51566
3934
8205
68125
6473
33634
6146
38729
4165
23758
12197
32341
42958
25599
27597
8607
9755
16551
29798
51666
991
38929
7335
11738
25236
11814
3913
35014
111
23654
6119
15298
21145
40434
7155
997
18802
38904
4030
5847
22809
56028
19195
4024
13167
9245
4464
19158
1884
2215
13708
24141
3940
6806
21129
1330
19218
29655
24510
20839
781
16591
4570
5647
7308
29520
46163
26171
24637
35310
1293
7236
5372
2379
683
6416
2982
32169
47982
36321
31362
9667
6822
6429
2914
1953
6559
29000
9343
1740
23105
14375
11
23763
22635
28260
53039
23018
7212
50603
2285
40551
11257
55166
61667
2099
1692
7694
36069
511
147
34230
880
42501
53564
19119
43076
8870
6691
28114
32155
38483
13259
2015
7129
9520
19596
65922
57736
4113
40248
34854
2092
9715
4750
42965
41223
19016
41809
9583
1449
49866
28011
34271
2325
12841
14898
28497
50770
4687
17869
23148
20267
20408
1017
24273
20813
2141
2232
28139
38240
2941
24166
2112
4596
2837
11243
1036
7520
44091
32241
23777
23756
28909
35564
932
8143
47991
12634
6636
17046
27347
5555
40806
5559
47882
21073
18463
8968
56359
34906
6805
9164
55645
42251
9790
62794
16863
18607
11802
6803
10299
25202
46528
13904
30919
2683
75343
403
58878
58649
27593
50989
9397
1176
15779
9614
24712
4944
7018
12613
16989
36993
1684
35058
1572
27346
21423
35576
15009
8943
25076
36576
44148
22476
13277
557
7736
51580
62832
37229
5749
9485
25412
5909
10367
1706
23529
66208
26451
64899
16
17971
8529
53655
6645
4455
22427
55238
1141
28158
6382
26001
61854
49332
11151
950
1396
29583
21138
9293
7492
29131
9304
35265
896
9839
25273
2926
3564
482
49945
52636
40023
10916
4826
2230
30691
18840
22304
15898
904
44334
50259
11385
1611
7746
36636
4087
2170
2379
35669
47770
1303
2593
11779
23378
41533
9076
22052
47936
63016
31672
11990
40706
5443
2559
5404
12071
19272
10059
57376
7454
24314
16337
46730
12537
59332
19841
5169
42273
1933
16279
14381
47695
7288
17888
30685
18921
11244
20922
608
11971
59215
28916
5072
23812
7158
2409
38
15685
21943
10867
7242
1078
6853
33623
2060
4545
26378
27694
41848
10782
4211
20266
4637
14602
53970
36701
33484
37481
54599
28080
711
49702
7367
4652
60316
52640
13352
23584
4125
14757
38766
34448
35428
1518
3558
14623
10668
8070
29166
37595
24291
32303
37079
21223
24631
35099
42893
1331
3976
5872
41978
13499
3225
1741
58775
11422
32697
16652
47363
8893
11744
20957
9502
44974
9737
7286
30070
2910
20412
23633
378
3189
6874
3656
22421
1046
33072
51844
876
8730
460
7151
2326
15930
26749
78181
8403
1102
7698
49842
5538
5907
21912
50697
60772
370
9982
12750
7507
52090
17009
22139
15533
297
39723
8529
4217
21321
24672
2166
55053
8059
11926
13469
6090
21906
3051
3959
25075
23212
3446
23124
3370
6984
1310
57731
1699
1694
30282
51651
15259
64212
4114
9749
58506
930
300
15795
41555
35162
17
18876
22275
3087
3822
1611
24113
4311
7282
7113
33318
7659
26700
2345
9567
4581
9297
7512
14191
18494
65608
3164
9096
1742
13126
8220
6614
13437
12324
907
38569
1141
26126
17709
5917
25032
19704
1581
55033
10098
34949
638
9522
1260
3510
9582
5925
6186
10882
23688
2764
14401
51988
3294
6662
50384
3012
54801
49706
44124
44329
12195
15216
8918
537
7325
27795
3214
3916
37958
13084
8343
35397
1463
34915
1403
13352
67279
27588
2183
29235
56101
3972
12091
8925
20549
27809
67948
45664
25082
47314
15962
32705
25277
32198
21332
10937
71494
3238
47395
31741
25874
32569
3613
44988
28228
28167
76288
28275
2336
1964
22017
18522
61606
15124
4594
58885
34444
20673
31789
37187
26361
5765
61274
1995
12665
7890
35642
8467
3529
936
20798
14
20530
32762
49774
11053
11591
31017
6134
6607
66174
4208
8559
28307
24144
21371
26424
33805
33841
25122
22065
3849
17994
47117
1066
22073
20837
24209
49039
56886
21839
3311
5572
5715
1943
4643
54613
46818
8941
12929
19759
51204
35561
28323
158
2159
20588
2605
27744
38763
36128
13696
12634
7194
86
9599
26993
5156
43145
3431
42394
22732
11342
646
30952
8432
19377
12537
10084
22064
8500
25077
48229
60541
38948
47341
68980
2799
47543
3181
2219
12055
21748
4658
22012
25738
399
20532
9047
16889
57354
43730
24336
64628
12630
37532
14102
2621
508
2294
70722
22879
28080
27651
3732
10003
1409
19879
1029
757
1688
18142
11263
5826
48566
53375
25453
44395
2056
37313
1509
3573
1145
45699
39908
64276
19852
255
68177
37047
5279
474
9097
470
4148
8890
28652
12078
11717
26969
21248
9024
76028
6203
3351
15637
19061
19799
3179
15975
10362
5526
28925
58362
18107
11170
3734
17755
3169
629
46
71843
650
5804
145
28358
10188
44265
4750
3322
67552
4566
19182
37505
53631
5610
2520
31373
62138
4630
22253
5529
14987
22066
3629
43989
62184
523
21007
12923
34027
10053
31640
2545
26644
894
8571
10831
127
25838
15944
6019
34493
5723
18216
79522
12195
11320
527
18168
11969
10304
50878
72081
847
10228
3269
13352
1227
3728
21606
32941
55655
13479
48652
12940
17725
13151
17040
67684
27272
27317
23647
10802
23307
20917
11407
5405
4667
4415
39927
193
35505
3509
52374
22029
35424
2082
2568
50806
22567
3287
15364
30407
45455
120
37766
10642
3137
333
11700
17622
5838
9096
33544
16234
26963
4756
3502
39803
1392
1889
9774
12770
6007
3332
60002
25744
12267
9558
9367
18600
6221
8462
2292
2323
4054
14780
10009
53171
1668
2905
862
17858
11865
28440
3228
312
50208
31506
34956
2182
41924
31142
8518
46850
2125
21142
32237
11047
6553
16902
19564
60780
7158
5299
59729
6565
1045
12484
23419
76787
13818
33038
59318
2115
9274
4293
5704
37952
55132
67309
23341
21199
15399
42759
2949
2882
4546
24528
388
11275
24479
13724
12452
16886
32697
2058
61453
3482
26193
5349
21101
4145
19127
45270
70557
3540
30345
3238
29598
14168
27358
20323
2515
66808
14665
46919
25261
9952
27901
5664
10126
28395
17230
53477
11963
2108
11612
24459
13933
8050
29694
26249
7791
26874
36433
31361
25917
18157
46523
27342
4334
7567
39908
44778
1876
346
16821
7721
16705
21542
72894
10137
4672
5442
792
50943
13997
5311
984
12089
3211
989
56406
29177
3783
30076
42248
2081
1038
71965
19345
6384
10247
6262
5201
20802
38735
51686
4141
4022
36800
10537
26983
626
22492
6431
7800
27263
1130
35913
16196
6980
616
13357
5048
11138
13416
16178
16136
29829
34434
7238
38610
16046
26247
53513
5860
24461
19431
26117
12844
30354
38532
3305
17250
21331
51134
5275
9575
1097
10855
5437
28122
7883
23830
22626
22156
47060
7854
56085
341
501
34474
51872
15403
49339
187
59247
7615
26491
19134
2187
1558
5804
18500
1274
16627
9885
2817
23053
10294
486
70
2898
26064
397
46900
13457
13124
6378
51429
2778
7841
47738
8795
56447
23907
33018
25343
1098
33622
40954
6158
6577
16958
3607
9225
16522
28668
56598
3112
2038
12249
12932
344
6992
35369
12874
21947
45608
1280
45227
7870
404
26213
21086
20554
8335
484
57359
4155
6857
42059
12011
38165
3033
28635
18405
3856
30711
578
60139
10603
40891
70776
3438
36246
50464
10358
39435
57043
10416
6556
7982
4537
5056
1812
491
10579
9019
14288
42950
5448
15890
20948
1551
18971
8744
1224
10514
4021
23025
22099
26905
7624
25374
38018
872
9279
4010
16611
33098
255
5608
911
3213
25126
43945
26156
8140
39002
23408
10418
23847
8079
5735
2944
63337
21758
32356
25105
995
10157
6033
10415
340
18076
30859
35941
51363
5231
13864
363
16466
37600
31339
7944
50148
59406
23270
7531
9760
19218
45220
197
620
26057
1142
40739
4180
32819
11377
3898
882
14681
3107
49569
14342
3077
1195
34040
9514
1283
50553
26184
30522
47115
4847
7593
4717
14897
26508
25180
26457
20038
65545
41880
46264
37536
45482
14975
20337
3026
4656
30010
130
17669
9743
42600
39460
405
40072
4455
12168
40283
49094
1165
9472
7895
22149
23805
10636
57637
71278
32807
2530
60010
4102
68981
2414
64789
7752
16216
14968
10795
5729
33447
1268
59451
4369
5278
52951
18024
4420
50159
55971
5658
14782
3237
9090
46452
3648
17272
2379
17692
16969
38842
213
6157
13968
52802
44503
11890
4493
14742
4042
53071
12581
21879
29304
16604
45939
17556
73080
9068
36987
20874
1428
21182
8343
2746
26918
1097
45676
53682
24002
12795
4083
33943
25221
9115
2450
18155
12076
22800
3125
506
28009
13029
15174
2511
2794
20621
1158
5491
9099
49850
29587
9298
11584
29787
1546
14924
26673
12779
28092
3686
3259
20686
68780
37636
19789
25331
32788
13131
75276
10072
36356
18088
9901
72330
30401
8031
15849
21546
75048
34654
52310
30848
7291
4313
2832
55325
8018
23849
8760
7610
44688
5489
13857
43574
1405
23926
18920
455
19524
35196
67495
7085
11256
1385
47456
17570
2669
3849
1100
14153
6179
45220
12059
5112
11617
4144
24314
32910
31471
4521
30284
1481
38960
27615
1532
349
14045
2096
34194
11109
19715
42135
3613
22286
22073
3476
29545
10156
25369
19315
7242
6697
31246
9667
7209
2041
9176
19886
47151
26246
21268
70066
9830
1620
43761
17965
5205
18239
11368
53233
74794
62098
6376
3118
1076
38195
13657
34401
2422
6032
3002
45283
14763
15939
7166
6181
12426
35035
40546
11079
5729
3988
9137
33117
10538
35832
6412
12347
21521
38293
43582
27102
60929
1138
21116
27272
919
828
7803
35998
19040
7122
17069
15964
34596
44630
48876
12667
6695
21286
22759
10874
28647
36880
5826
3999
7633
37440
13490
64260
27907
17755
46452
12075
26692
44013
6898
48237
7027
22664
77410
4941
32135
984
67737
49087
7515
56355
20827
57120
10496
47469
8735
54517
6453
4118
2564
6996
9582
2576
17554
10371
32737
60463
6572
6141
30390
20234
39242
38241
28453
2464
627
13780
10228
373
52690
15138
8983
51388
3962
5418
46079
10786
21930
6329
7887
36861
4628
19210
162
29106
49910
10234
1893
17459
49362
39722
8453
12300
15816
30161
4367
56404
26382
12512
56966
56705
25362
1697
4995
19231
18658
42538
31918
4764
60665
17541
20676
5667
47383
4355
49531
2124
296
2394
40776
18526
18859
1528
2761
2987
59724
454
66304
15241
10950
16343
20254
37368
7377
1593
2782
17011
27124
18956
2051
46322
18655
12221
36655
2146
35896
8901
25683
18615
22062
3714
1502
838
772
38678
6941
22796
44098
684
22528
17127
1416
5067
5991
287
72498
6050
4340
5802
2259
5112
2229
12332
11740
892
39759
16182
6371
4810
66597
5867
28053
4094
19
1285
1677
58791
8273
649
21918
3222
25214
12567
8335
25695
21858
8963
12904
4275
5856
19718
5125
53348
29462
65154
32923
26806
66189
33363
9838
38912
36021
25689
3641
5577
12832
21722
12704
16427
3886
28077
12597
35794
1138
6653
14875
31051
31935
15361
6476
5406
3818
2998
44648
302
42029
29162
4926
14681
43358
51042
14013
829
12756
3818
14705
35267
14003
10530
52746
629
31715
11370
7433
13920
36968
21054
57702
32746
10177
6029
24387
28443
6288
26082
28651
3857
1115
2989
4489
21976
15039
6938
6588
22585
19965
1627
8532
39676
2553
23876
13638
33453
19020
37377
2226
22193
2112
46303
60465
18886
71694
20304
14069
19932
16173
29028
6969
10254
831
88
22998
19008
2302
41117
15166
11779
5404
58654
57053
413
17429
33034
62579
3483
20227
48411
2007
11266
7633
11639
20134
19558
816
16812
17628
8829
34939
1244
672
2840
6209
4882
2129
16148
3233
35136
12629
5148
43210
39629
3457
1833
5923
23629
43420
32757
171
10341
25726
2826
30402
13296
44434
2631
7005
30314
18290
17
2023
40178
43934
31957
1728
16572
3337
39133
7780
7
10630
4605
35376
17946
35768
16258
57468
16517
21221
27484
14258
12488
41360
6183
4161
16120
15510
